<!DOCTYPE html>
<!--[if IE 8]><html class="no-js lt-ie9" lang="en" > <![endif]-->
<!--[if gt IE 8]><!--> <html class="no-js" lang="en" > <!--<![endif]-->
<head>
  <meta charset="utf-8">
  <meta http-equiv="X-UA-Compatible" content="IE=edge">
  <meta name="viewport" content="width=device-width, initial-scale=1.0">
  
  <meta name="author" content="PG-Strom Development Team">
  <link rel="shortcut icon" href="../img/favicon.ico">
  <title>Partitioning - PG-Strom Manual</title>
  <link href='https://fonts.googleapis.com/css?family=Lato:400,700|Roboto+Slab:400,700|Inconsolata:400,700' rel='stylesheet' type='text/css'>

  <link rel="stylesheet" href="../css/theme.css" type="text/css" />
  <link rel="stylesheet" href="../css/theme_extra.css" type="text/css" />
  <link rel="stylesheet" href="../css/highlight.css">
  <link href="//fonts.googleapis.com/earlyaccess/notosansjp.css" rel="stylesheet">
  <link href="//fonts.googleapis.com/css?family=Open+Sans:600,800" rel="stylesheet">
  <link href="../custom.css" rel="stylesheet">
  
  <script>
    // Current page data
    var mkdocs_page_name = "Partitioning";
    var mkdocs_page_input_path = "partition.md";
    var mkdocs_page_url = "/partition/";
  </script>
  
  <script src="../js/jquery-2.1.1.min.js"></script>
  <script src="../js/modernizr-2.8.3.min.js"></script>
  <script type="text/javascript" src="../js/highlight.pack.js"></script> 
  
</head>

<body class="wy-body-for-nav" role="document">

  <div class="wy-grid-for-nav">

    
    <nav data-toggle="wy-nav-shift" class="wy-nav-side stickynav">
      <div class="wy-side-nav-search">
        <a href=".." class="icon icon-home"> PG-Strom Manual</a>
        <div role="search">
  <form id ="rtd-search-form" class="wy-form" action="../search.html" method="get">
    <input type="text" name="q" placeholder="Search docs" />
  </form>

  [<a href="../ja" style="color: #cccccc">Japanese</a> | <strong>English</strong>]

</div>
      </div>

      <div class="wy-menu wy-menu-vertical" data-spy="affix" role="navigation" aria-label="main navigation">
	<ul class="current">
	  
          
            <li class="toctree-l1">
		
    <a class="" href="..">Home</a>
	    </li>
          
            <li class="toctree-l1">
		
    <a class="" href="../install/">Install</a>
	    </li>
          
            <li class="toctree-l1">
		
    <a class="" href="../tutorial/">Tutorial</a>
	    </li>
          
            <li class="toctree-l1 current">
		
    <a class="current" href="./">Partitioning</a>
    <ul class="subnav">
            
    <li class="toctree-l2"><a href="#brief-overview">Brief overview</a></li>
    

    <li class="toctree-l2"><a href="#configuration-and-operation">Configuration and Operation</a></li>
    
        <ul>
        
            <li><a class="toctree-l3" href="#consideration-for-ssdgpu-location">Consideration for SSD/GPU location</a></li>
        
        </ul>
    

    <li class="toctree-l2"><a href="#limitations">Limitations</a></li>
    

    </ul>
	    </li>
          
            <li class="toctree-l1">
		
    <span class="caption-text">Advanced Features</span>
    <ul class="subnav">
                <li class="">
                    
    <a class="" href="../ssd2gpu/">SSD2GPU Direct SQL Exec</a>
                </li>
                <li class="">
                    
    <a class="" href="../ccache/">Columnar Cache</a>
                </li>
                <li class="">
                    
    <a class="" href="../gstore_fdw/">Gstore_fdw</a>
                </li>
                <li class="">
                    
    <a class="" href="../plcuda/">PL/CUDA</a>
                </li>
    </ul>
	    </li>
          
            <li class="toctree-l1">
		
    <span class="caption-text">References</span>
    <ul class="subnav">
                <li class="">
                    
    <a class="" href="../ref_types/">Data Types</a>
                </li>
                <li class="">
                    
    <a class="" href="../ref_devfuncs/">Functions and Operators</a>
                </li>
                <li class="">
                    
    <a class="" href="../ref_sqlfuncs/">SQL Objects</a>
                </li>
                <li class="">
                    
    <a class="" href="../ref_params/">GUC Parameters</a>
                </li>
    </ul>
	    </li>
          
            <li class="toctree-l1">
		
    <a class="" href="../release_note/">Release Note</a>
	    </li>
          
        </ul>
      </div>
      &nbsp;
    </nav>

    <section data-toggle="wy-nav-shift" class="wy-nav-content-wrap">

      
      <nav class="wy-nav-top" role="navigation" aria-label="top navigation">
        <i data-toggle="wy-nav-top" class="fa fa-bars"></i>
        <a href="..">PG-Strom Manual</a>
      </nav>

      
      <div class="wy-nav-content">
        <div class="rst-content">
          <div role="navigation" aria-label="breadcrumbs navigation">
  <ul class="wy-breadcrumbs">
    <li><a href="..">Docs</a> &raquo;</li>
    
      
    
    <li>Partitioning</li>
    <li class="wy-breadcrumbs-aside">
      
    </li>
  </ul>
  <hr/>
</div>
          <div role="main">
            <div class="section">
              
                <h1 id="brief-overview">Brief overview</h1>
<p><img alt="Partitioning Overview" src="../img/partition-overview.png" /></p>
<p><img alt="Partitioning Optimization" src="../img/partition-optimize.png" /></p>
<pre><code># EXPLAIN SELECT cat,count(*),avg(ax)
            FROM pt NATURAL JOIN t1
           WHERE ymd &gt; '2017-01-01'::date
           GROUP BY cat;
                                   QUERY PLAN
--------------------------------------------------------------------------------
 HashAggregate  (cost=196410.07..196412.57 rows=200 width=48)
   Group Key: pt_2017.cat
   -&gt;  Gather  (cost=66085.69..196389.07 rows=1200 width=72)
         Workers Planned: 2
         -&gt;  Parallel Append  (cost=65085.69..195269.07 rows=600 width=72)
               -&gt;  Parallel Custom Scan (GpuPreAgg)  (cost=65085.69..65089.69 rows=200 width=72)
                     Reduction: Local
                     Combined GpuJoin: enabled
                     -&gt;  Parallel Custom Scan (GpuJoin) on pt_2017  (cost=32296.64..74474.20 rows=1050772 width=40)
                           Outer Scan: pt_2017  (cost=28540.80..66891.11 rows=1050772 width=36)
                           Outer Scan Filter: (ymd &gt; '2017-01-01'::date)
                           Depth 1: GpuHashJoin  (nrows 1050772...2521854)
                                    HashKeys: pt_2017.aid
                                    JoinQuals: (pt_2017.aid = t1.aid)
                                    KDS-Hash (size: 10.78MB)
                           -&gt;  Seq Scan on t1  (cost=0.00..1935.00 rows=100000 width=12)
               -&gt;  Parallel Custom Scan (GpuPreAgg)  (cost=65078.35..65082.35 rows=200 width=72)
                     Reduction: Local
                     Combined GpuJoin: enabled
                     -&gt;  Parallel Custom Scan (GpuJoin) on pt_2018  (cost=32296.65..74465.75 rows=1050649 width=40)
                           Outer Scan: pt_2018  (cost=28540.81..66883.43 rows=1050649 width=36)
                           Outer Scan Filter: (ymd &gt; '2017-01-01'::date)
                           Depth 1: GpuHashJoin  (nrows 1050649...2521557)
                                    HashKeys: pt_2018.aid
                                    JoinQuals: (pt_2018.aid = t1.aid)
                                    KDS-Hash (size: 10.78MB)
                           -&gt;  Seq Scan on t1  (cost=0.00..1935.00 rows=100000 width=12)
               -&gt;  Parallel Custom Scan (GpuPreAgg)  (cost=65093.03..65097.03 rows=200 width=72)
                     Reduction: Local
                     Combined GpuJoin: enabled
                     -&gt;  Parallel Custom Scan (GpuJoin) on pt_2019  (cost=32296.65..74482.64 rows=1050896 width=40)
                           Outer Scan: pt_2019  (cost=28540.80..66898.79 rows=1050896 width=36)
                           Outer Scan Filter: (ymd &gt; '2017-01-01'::date)
                           Depth 1: GpuHashJoin  (nrows 1050896...2522151)
                                    HashKeys: pt_2019.aid
                                    JoinQuals: (pt_2019.aid = t1.aid)
                                    KDS-Hash (size: 10.78MB)
                           -&gt;  Seq Scan on t1  (cost=0.00..1935.00 rows=100000 width=12)
(38 rows)
</code></pre>

<h1 id="configuration-and-operation">Configuration and Operation</h1>
<p>By the GUC parameters below, PG-Strom enables/disables the push-down of JOIN/GROUP BY under the partition child tables.</p>
<table>
<thead>
<tr>
<th align="left">Parameter</th>
<th align="center">Type</th>
<th align="center">Default</th>
<th align="left">Description</th>
</tr>
</thead>
<tbody>
<tr>
<td align="left"><code>pg_strom.enable_partitionwise_gpujoin</code></td>
<td align="center"><code>bool</code></td>
<td align="center"><code>on</code></td>
<td align="left">Enables/disables whether GpuJoin is pushed down to the partition children. Available only PostgreSQL v10 or later.</td>
</tr>
<tr>
<td align="left"><code>pg_strom.enable_partitionwise_gpupreagg</code></td>
<td align="center"><code>bool</code></td>
<td align="center"><code>on</code></td>
<td align="left">Enables/disables whether GpuPreAgg is pushed down to the partition children. Available only PostgreSQL v10 or later.</td>
</tr>
</tbody>
</table>
<pre><code>postgres=# set pg_strom.enable_partitionwise_gpujoin = off;
SET
postgres=# set pg_strom.enable_partitionwise_gpupreagg = off;
SET
postgres=# EXPLAIN SELECT cat,count(*),avg(ax) FROM pt NATURAL JOIN t1 WHERE ymd &gt; '2017-01-01'::date group by cat;
                                                           QUERY PLAN
--------------------------------------------------------------------------------------------------------------------------------
 Finalize GroupAggregate  (cost=341392.92..341399.42 rows=200 width=48)
   Group Key: pt.cat
   -&gt;  Sort  (cost=341392.92..341393.92 rows=400 width=72)
         Sort Key: pt.cat
         -&gt;  Gather  (cost=341333.63..341375.63 rows=400 width=72)
               Workers Planned: 2
               -&gt;  Partial HashAggregate  (cost=340333.63..340335.63 rows=200 width=72)
                     Group Key: pt.cat
                     -&gt;  Parallel Custom Scan (GpuJoin)  (cost=283591.92..283591.92 rows=7565562 width=40)
                           Depth 1: GpuHashJoin  (nrows 3152318...7565562)
                                    HashKeys: pt.aid
                                    JoinQuals: (pt.aid = t1.aid)
                                    KDS-Hash (size: 10.78MB)
                           -&gt;  Append  (cost=28540.80..200673.34 rows=3152318 width=36)
                                 -&gt;  Parallel Custom Scan (GpuScan) on pt_2017  (cost=28540.80..66891.11 rows=1050772 width=36)
                                       GPU Filter: (ymd &gt; '2017-01-01'::date)
                                 -&gt;  Parallel Custom Scan (GpuScan) on pt_2018  (cost=28540.81..66883.43 rows=1050649 width=36)
                                       GPU Filter: (ymd &gt; '2017-01-01'::date)
                                 -&gt;  Parallel Custom Scan (GpuScan) on pt_2019  (cost=28540.80..66898.79 rows=1050896 width=36)
                                       GPU Filter: (ymd &gt; '2017-01-01'::date)
                           -&gt;  Seq Scan on t1  (cost=0.00..1935.00 rows=100000 width=12)
(21 rows)
</code></pre>

<h2 id="consideration-for-ssdgpu-location">Consideration for SSD/GPU location</h2>
<h1 id="limitations">Limitations</h1>
<p><strong>Experimental Feature</strong></p>
<p>It is an experimental feature to push down GpuJoin and GpuPreAgg to the partitioned child tables, so it may lead unexpected behavior or system crash. In such case, disable the feature using <code>pg_strom.enable_partitionwise_gpujoin</code> or <code>pg_strom.enable_partitionwise_gpupreagg</code>. And report your case to <a href="https://github.com/heterodb/pg-strom/issues">PG-Strom Issues</a>.</p>
              
            </div>
          </div>
          <footer>
  
    <div class="rst-footer-buttons" role="navigation" aria-label="footer navigation">
      
        <a href="../ssd2gpu/" class="btn btn-neutral float-right" title="SSD2GPU Direct SQL Exec">Next <span class="icon icon-circle-arrow-right"></span></a>
      
      
        <a href="../tutorial/" class="btn btn-neutral" title="Tutorial"><span class="icon icon-circle-arrow-left"></span> Previous</a>
      
    </div>
  

  <hr/>

  <div role="contentinfo">
    <!-- Copyright etc -->
    
  </div>

  Built with <a href="http://www.mkdocs.org">MkDocs</a> using a <a href="https://github.com/snide/sphinx_rtd_theme">theme</a> provided by <a href="https://readthedocs.org">Read the Docs</a>.
</footer>
      
        </div>
      </div>

    </section>

  </div>

  <div class="rst-versions" role="note" style="cursor: pointer">
    <span class="rst-current-version" data-toggle="rst-current-version">
      
      
        <span><a href="../tutorial/" style="color: #fcfcfc;">&laquo; Previous</a></span>
      
      
        <span style="margin-left: 15px"><a href="../ssd2gpu/" style="color: #fcfcfc">Next &raquo;</a></span>
      
    </span>
</div>
    <script>var base_url = '..';</script>
    <script src="../js/theme.js"></script>
      <script src="../search/require.js"></script>
      <script src="../search/search.js"></script>

</body>
</html>
