<!DOCTYPE html>
<!--[if IE 8]><html class="no-js lt-ie9" lang="en" > <![endif]-->
<!--[if gt IE 8]><!--> <html class="no-js" lang="en" > <!--<![endif]-->
<head>
  <meta charset="utf-8">
  <meta http-equiv="X-UA-Compatible" content="IE=edge">
  <meta name="viewport" content="width=device-width, initial-scale=1.0">
  
  <meta name="author" content="PG-Strom Development Team">
  <link rel="shortcut icon" href="../img/favicon.ico">
  <title>Tutorial - PG-Strom Manual</title>
  <link href='https://fonts.googleapis.com/css?family=Lato:400,700|Roboto+Slab:400,700|Inconsolata:400,700' rel='stylesheet' type='text/css'>

  <link rel="stylesheet" href="../css/theme.css" type="text/css" />
  <link rel="stylesheet" href="../css/theme_extra.css" type="text/css" />
  <link rel="stylesheet" href="../css/highlight.css">
  <link href="//fonts.googleapis.com/earlyaccess/notosansjp.css" rel="stylesheet">
  <link href="//fonts.googleapis.com/css?family=Open+Sans:600,800" rel="stylesheet">
  <link href="../custom.css" rel="stylesheet">
  
  <script>
    // Current page data
    var mkdocs_page_name = "Tutorial";
    var mkdocs_page_input_path = "tutorial.md";
    var mkdocs_page_url = "/tutorial/";
  </script>
  
  <script src="../js/jquery-2.1.1.min.js"></script>
  <script src="../js/modernizr-2.8.3.min.js"></script>
  <script type="text/javascript" src="../js/highlight.pack.js"></script> 
  
</head>

<body class="wy-body-for-nav" role="document">

  <div class="wy-grid-for-nav">

    
    <nav data-toggle="wy-nav-shift" class="wy-nav-side stickynav">
      <div class="wy-side-nav-search">
        <a href=".." class="icon icon-home"> PG-Strom Manual</a>
        <div role="search">
  <form id ="rtd-search-form" class="wy-form" action="../search.html" method="get">
    <input type="text" name="q" placeholder="Search docs" />
  </form>

  [<a href="../ja" style="color: #fcfcfc">Japanese</a> | <strong>English</strong>]

</div>
      </div>

      <div class="wy-menu wy-menu-vertical" data-spy="affix" role="navigation" aria-label="main navigation">
	<ul class="current">
	  
          
            <li class="toctree-l1">
		
    <a class="" href="..">Home</a>
	    </li>
          
            <li class="toctree-l1">
		
    <a class="" href="../install/">Install</a>
	    </li>
          
            <li class="toctree-l1 current">
		
    <a class="current" href="./">Tutorial</a>
    <ul class="subnav">
            
    <li class="toctree-l2"><a href="#basic-operations">Basic operations</a></li>
    
        <ul>
        
            <li><a class="toctree-l3" href="#cpugpu-hybrid-parallel">CPU+GPU Hybrid Parallel</a></li>
        
            <li><a class="toctree-l3" href="#pullup-underlying-plans">Pullup underlying plans</a></li>
        
        </ul>
    

    <li class="toctree-l2"><a href="#notes-for-system-administration">Notes for system administration</a></li>
    
        <ul>
        
            <li><a class="toctree-l3" href="#knowledge-base">Knowledge base</a></li>
        
            <li><a class="toctree-l3" href="#usage-of-mps-daemon">Usage of MPS daemon</a></li>
        
        </ul>
    

    <li class="toctree-l2"><a href="#trouble-shooting">Trouble Shooting</a></li>
    
        <ul>
        
            <li><a class="toctree-l3" href="#identify-the-problem">Identify the problem</a></li>
        
            <li><a class="toctree-l3" href="#collecting-crash-dump">Collecting crash dump</a></li>
        
        </ul>
    

    </ul>
	    </li>
          
            <li class="toctree-l1">
		
    <a class="" href="../features/">Advanced Features</a>
	    </li>
          
            <li class="toctree-l1">
		
    <a class="" href="../plcuda/">PL/CUDA</a>
	    </li>
          
            <li class="toctree-l1">
		
    <a class="" href="../references/">References</a>
	    </li>
          
            <li class="toctree-l1">
		
    <a class="" href="../release_note/">Release Note</a>
	    </li>
          
        </ul>
      </div>
      &nbsp;
    </nav>

    <section data-toggle="wy-nav-shift" class="wy-nav-content-wrap">

      
      <nav class="wy-nav-top" role="navigation" aria-label="top navigation">
        <i data-toggle="wy-nav-top" class="fa fa-bars"></i>
        <a href="..">PG-Strom Manual</a>
      </nav>

      
      <div class="wy-nav-content">
        <div class="rst-content">
          <div role="navigation" aria-label="breadcrumbs navigation">
  <ul class="wy-breadcrumbs">
    <li><a href="..">Docs</a> &raquo;</li>
    
      
    
    <li>Tutorial</li>
    <li class="wy-breadcrumbs-aside">
      
    </li>
  </ul>
  <hr/>
</div>
          <div role="main">
            <div class="section">
              
                <h1 id="basic-operations">Basic operations</h1>
<pre><code>postgres=# EXPLAIN SELECT cat,count(*),avg(ax)
                     FROM t0 NATURAL JOIN t1 NATURAL JOIN t2
                    GROUP BY cat;
                                  QUERY PLAN
--------------------------------------------------------------------------------
 GroupAggregate  (cost=989186.82..989190.94 rows=27 width=20)
   Group Key: t0.cat
   -&gt;  Sort  (cost=989186.82..989187.29 rows=189 width=44)
         Sort Key: t0.cat
         -&gt;  Custom Scan (GpuPreAgg)  (cost=989175.89..989179.67 rows=189 width=44)
               Reduction: Local
               GPU Projection: cat, pgstrom.nrows(), pgstrom.nrows((ax IS NOT NULL)), pgstrom.psum(ax)
               Combined GpuJoin: enabled
               -&gt;  Custom Scan (GpuJoin) on t0  (cost=14744.40..875804.46 rows=99996736 width=12)
                     GPU Projection: t0.cat, t1.ax
                     Outer Scan: t0  (cost=0.00..1833360.36 rows=99996736 width=12)
                     Depth 1: GpuHashJoin  (nrows 99996736...99996736)
                              HashKeys: t0.aid
                              JoinQuals: (t0.aid = t1.aid)
                              KDS-Hash (size: 10.39MB)
                     Depth 2: GpuHashJoin  (nrows 99996736...99996736)
                              HashKeys: t0.bid
                              JoinQuals: (t0.bid = t2.bid)
                              KDS-Hash (size: 10.78MB)
                     -&gt;  Seq Scan on t1  (cost=0.00..1972.85 rows=103785 width=12)
                     -&gt;  Seq Scan on t2  (cost=0.00..1935.00 rows=100000 width=4)
(21 rows)
</code></pre>

<h2 id="cpugpu-hybrid-parallel">CPU+GPU Hybrid Parallel</h2>
<pre><code># EXPLAIN SELECT cat,count(*),avg(ax)
            FROM t0 NATURAL JOIN t1
           GROUP by cat;
                                   QUERY PLAN
--------------------------------------------------------------------------------
 GroupAggregate  (cost=955705.47..955720.93 rows=27 width=20)
   Group Key: t0.cat
   -&gt;  Sort  (cost=955705.47..955707.36 rows=756 width=44)
         Sort Key: t0.cat
         -&gt;  Gather  (cost=955589.95..955669.33 rows=756 width=44)
               Workers Planned: 4
               -&gt;  Parallel Custom Scan (GpuPreAgg)  (cost=954589.95..954593.73 rows=189 width=44)
                     Reduction: Local
                     GPU Projection: cat, pgstrom.nrows(), pgstrom.nrows((ax IS NOT NULL)), pgstrom.psum(ax)
                     Combined GpuJoin: enabled
                     -&gt;  Parallel Custom Scan (GpuJoin) on t0  (cost=27682.82..841218.52 rows=99996736 width=12)
                           GPU Projection: t0.cat, t1.ax
                           Outer Scan: t0  (cost=0.00..1083384.84 rows=24999184 width=8)
                           Depth 1: GpuHashJoin  (nrows 24999184...99996736)
                                    HashKeys: t0.aid
                                    JoinQuals: (t0.aid = t1.aid)
                                    KDS-Hash (size: 10.39MB)
                           -&gt;  Seq Scan on t1  (cost=0.00..1972.85 rows=103785 width=12)
(18 rows)
</code></pre>

<h2 id="pullup-underlying-plans">Pullup underlying plans</h2>
<pre><code># EXPLAIN SELECT cat,count(*),avg(ax)
            FROM t0 NATURAL JOIN t1
           WHERE aid &lt; bid
           GROUP BY cat;
                              QUERY PLAN

--------------------------------------------------------------------------------
 GroupAggregate  (cost=1239991.03..1239995.15 rows=27 width=20)
   Group Key: t0.cat
   -&gt;  Sort  (cost=1239991.03..1239991.50 rows=189 width=44)
         Sort Key: t0.cat
         -&gt;  Custom Scan (GpuPreAgg)  (cost=1239980.10..1239983.88 rows=189 width=44)
               Reduction: Local
               GPU Projection: cat, pgstrom.nrows(), pgstrom.nrows((ax IS NOT NULL)), pgstrom.psum(ax)
               -&gt;  Custom Scan (GpuJoin)  (cost=50776.43..1199522.96 rows=33332245 width=12)
                     GPU Projection: t0.cat, t1.ax
                     Depth 1: GpuHashJoin  (nrows 33332245...33332245)
                              HashKeys: t0.aid
                              JoinQuals: (t0.aid = t1.aid)
                              KDS-Hash (size: 10.39MB)
                     -&gt;  Custom Scan (GpuScan) on t0  (cost=12634.49..1187710.85 rows=33332245 width=8)
                           GPU Projection: cat, aid
                           GPU Filter: (aid &lt; bid)
                     -&gt;  Seq Scan on t1  (cost=0.00..1972.85 rows=103785 width=12)
(18 rows)
</code></pre>

<p><img alt="combined gpu kernel" src="../img/combined-gpu-kernel.png" /></p>
<pre><code># EXPLAIN ANALYZE SELECT cat,count(*),avg(ax)
                    FROM t0 NATURAL JOIN t1
                   WHERE aid &lt; bid
                   GROUP BY cat;
                              QUERY PLAN
--------------------------------------------------------------------------------
 GroupAggregate  (cost=903669.50..903673.62 rows=27 width=20)
                 (actual time=7761.630..7761.644 rows=27 loops=1)
   Group Key: t0.cat
   -&gt;  Sort  (cost=903669.50..903669.97 rows=189 width=44)
             (actual time=7761.621..7761.626 rows=27 loops=1)
         Sort Key: t0.cat
         Sort Method: quicksort  Memory: 28kB
         -&gt;  Custom Scan (GpuPreAgg)  (cost=903658.57..903662.35 rows=189 width=44)
                                      (actual time=7761.531..7761.540 rows=27 loops=1)
               Reduction: Local
               GPU Projection: cat, pgstrom.nrows(), pgstrom.nrows((ax IS NOT NULL)), pgstrom.psum(ax)
               Combined GpuJoin: enabled
               -&gt;  Custom Scan (GpuJoin) on t0  (cost=12483.41..863201.43 rows=33332245 width=12)
                                                (never executed)
                     GPU Projection: t0.cat, t1.ax
                     Outer Scan: t0  (cost=12634.49..1187710.85 rows=33332245 width=8)
                                     (actual time=59.623..5557.052 rows=100000000 loops=1)
                     Outer Scan Filter: (aid &lt; bid)
                     Rows Removed by Outer Scan Filter: 50002874
                     Depth 1: GpuHashJoin  (plan nrows: 33332245...33332245, actual nrows: 49997126...49997126)
                              HashKeys: t0.aid
                              JoinQuals: (t0.aid = t1.aid)
                              KDS-Hash (size plan: 10.39MB, exec: 64.00MB)
                     -&gt;  Seq Scan on t1  (cost=0.00..1972.85 rows=103785 width=12)
                                         (actual time=0.013..15.303 rows=100000 loops=1)
 Planning time: 0.506 ms
 Execution time: 8495.391 ms
(21 rows)
</code></pre>

<h1 id="notes-for-system-administration">Notes for system administration</h1>
<h2 id="knowledge-base">Knowledge base</h2>
<p>We publish several articles, just called "notes", on the project wiki-site of PG-Strom.</p>
<p>(https://github.com/heterodb/pg-strom/wiki)[https://github.com/heterodb/pg-strom/wiki]</p>
<h2 id="usage-of-mps-daemon">Usage of MPS daemon</h2>
<p>(https://docs.nvidia.com/deploy/mps/index.html)[https://docs.nvidia.com/deploy/mps/index.html]</p>
<h1 id="trouble-shooting">Trouble Shooting</h1>
<h2 id="identify-the-problem">Identify the problem</h2>
<pre><code># SET pg_strom.enabled = off;
</code></pre>

<h2 id="collecting-crash-dump">Collecting crash dump</h2>
<p>Crash dump is very helpful for analysis of serious problems which lead system crash for example.
This session introduces the way to collect crash dump of the PostgreSQL and PG-Strom process (CPU side) and PG-Strom's GPU kernel, and show the back trace on the serious problems.</p>
<h3 id="add-configuration-on-postgresql-startup">Add configuration on PostgreSQL startup</h3>
<pre><code>[Service]
LimitCORE=infinity
Environment=CUDA_ENABLE_COREDUMP_ON_EXCEPTION=1
</code></pre>

<pre><code># cat /proc/&lt;PID of postmaster&gt;/limits
Limit                     Soft Limit           Hard Limit           Units
    :                         :                    :                  :
Max core file size        unlimited            unlimited            bytes
    :                         :                    :                  :
</code></pre>

<h3 id="installation-of-debuginfo-package">Installation of debuginfo package</h3>
<pre><code># yum install postgresql10-debuginfo pg_strom-PG10-debuginfo
            :
================================================================================
 Package                  Arch    Version             Repository           Size
================================================================================
Installing:
 pg_strom-PG10-debuginfo  x86_64  1.9-180301.el7      heterodb-debuginfo  766 k
 postgresql10-debuginfo   x86_64  10.3-1PGDG.rhel7    pgdg10              9.7 M

Transaction Summary
================================================================================
Install  2 Packages
            :
Installed:
  pg_strom-PG10-debuginfo.x86_64 0:1.9-180301.el7
  postgresql10-debuginfo.x86_64 0:10.3-1PGDG.rhel7

Complete!
</code></pre>

<h3 id="checking-the-backtrace-on-cpu">Checking the backtrace on CPU</h3>
<pre><code># gdb -c /var/lib/pgdata/core.134680 -f /usr/pgsql-10/bin/postgres
GNU gdb (GDB) Red Hat Enterprise Linux 7.6.1-100.el7_4.1
       :
(gdb) bt
#0  0x00007fb942af3903 in __epoll_wait_nocancel () from /lib64/libc.so.6
#1  0x00000000006f71ae in WaitEventSetWaitBlock (nevents=1,
    occurred_events=0x7ffee51e1d70, cur_timeout=-1, set=0x2833298)
    at latch.c:1048
#2  WaitEventSetWait (set=0x2833298, timeout=timeout@entry-1,
    occurred_events=occurred_events@entry0x7ffee51e1d70,
    nevents=nevents@entry1, wait_event_info=wait_event_info@entry100663296)
    at latch.c:1000
#3  0x00000000006210fb in secure_read (port=0x2876120,
    ptr=0xcaa7e0 &lt;PqRecvBuffer&gt;, len=8192) at be-secure.c:166
#4  0x000000000062b6e8 in pq_recvbuf () at pqcomm.c:963
#5  0x000000000062c345 in pq_getbyte () at pqcomm.c:1006
#6  0x0000000000718682 in SocketBackend (inBuf=0x7ffee51e1ef0)
    at postgres.c:328
#7  ReadCommand (inBuf=0x7ffee51e1ef0) at postgres.c:501
#8  PostgresMain (argc=&lt;optimized out&gt;, argv=argv@entry0x287bb68,
    dbname=0x28333f8 &quot;postgres&quot;, username=&lt;optimized out&gt;) at postgres.c:4030
#9  0x000000000047adbc in BackendRun (port=0x2876120) at postmaster.c:4405
#10 BackendStartup (port=0x2876120) at postmaster.c:4077
#11 ServerLoop () at postmaster.c:1755
#12 0x00000000006afb7f in PostmasterMain (argc=argc@entry3,
    argv=argv@entry0x2831280) at postmaster.c:1363
#13 0x000000000047bbef in main (argc=3, argv=0x2831280) at main.c:228
</code></pre>

<h3 id="checking-the-backtrace-on-gpu">Checking the backtrace on GPU</h3>
<p><code>core_&lt;timestamp&gt;_&lt;hostname&gt;_&lt;PID&gt;.nvcudmp</code></p>
<pre><code>nvme=# set pg_strom.debug_jit_compile_options = on;
SET
</code></pre>

<pre><code># /usr/local/cuda/bin/cuda-gdb
NVIDIA (R) CUDA Debugger
9.1 release
Portions Copyright (C) 2007-2017 NVIDIA Corporation
        :
For help, type &quot;help&quot;.
Type &quot;apropos word&quot; to search for commands related to &quot;word&quot;.
(cuda-gdb)
</code></pre>

<pre><code>(cuda-gdb) target cudacore /var/lib/pgdata/core_1521131828_magro.heterodb.com_216238.nvcudmp
Opening GPU coredump: /var/lib/pgdata/core_1521131828_magro.heterodb.com_216238.nvcudmp
[New Thread 216240]

CUDA Exception: Warp Illegal Address
The exception was triggered at PC 0x7ff4dc82f930 (cuda_gpujoin.h:1159)
[Current focus set to CUDA kernel 0, grid 1, block (0,0,0), thread (0,0,0), device 0, sm 0, warp 0, lane 0]
#0  0x00007ff4dc82f938 in _INTERNAL_8_pg_strom_0124cb94::gpujoin_exec_hashjoin (kcxt=0x7ff4f7fffbf8, kgjoin=0x7fe9f4800078,
    kmrels=0x7fe9f8800000, kds_src=0x7fe9f0800030, depth=3, rd_stack=0x7fe9f4806118, wr_stack=0x7fe9f480c118, l_state=0x7ff4f7fffc48,
    matched=0x7ff4f7fffc7c &quot;&quot;) at /usr/pgsql-10/share/extension/cuda_gpujoin.h:1159
1159            while (khitem &amp;&amp; khitem-&gt;hash != hash_value)
</code></pre>

<pre><code>(cuda-gdb) bt
#0  0x00007ff4dc82f938 in _INTERNAL_8_pg_strom_0124cb94::gpujoin_exec_hashjoin (kcxt=0x7ff4f7fffbf8, kgjoin=0x7fe9f4800078,
    kmrels=0x7fe9f8800000, kds_src=0x7fe9f0800030, depth=3, rd_stack=0x7fe9f4806118, wr_stack=0x7fe9f480c118, l_state=0x7ff4f7fffc48,
    matched=0x7ff4f7fffc7c &quot;&quot;) at /usr/pgsql-10/share/extension/cuda_gpujoin.h:1159
#1  0x00007ff4dc9428f0 in gpujoin_main&lt;&lt;&lt;(30,1,1),(256,1,1)&gt;&gt;&gt; (kgjoin=0x7fe9f4800078, kmrels=0x7fe9f8800000, kds_src=0x7fe9f0800030,
    kds_dst=0x7fe9e8800030, kparams_gpreagg=0x0) at /usr/pgsql-10/share/extension/cuda_gpujoin.h:1347
</code></pre>
              
            </div>
          </div>
          <footer>
  
    <div class="rst-footer-buttons" role="navigation" aria-label="footer navigation">
      
        <a href="../features/" class="btn btn-neutral float-right" title="Advanced Features">Next <span class="icon icon-circle-arrow-right"></span></a>
      
      
        <a href="../install/" class="btn btn-neutral" title="Install"><span class="icon icon-circle-arrow-left"></span> Previous</a>
      
    </div>
  

  <hr/>

  <div role="contentinfo">
    <!-- Copyright etc -->
    
  </div>

  Built with <a href="http://www.mkdocs.org">MkDocs</a> using a <a href="https://github.com/snide/sphinx_rtd_theme">theme</a> provided by <a href="https://readthedocs.org">Read the Docs</a>.
</footer>
      
        </div>
      </div>

    </section>

  </div>

  <div class="rst-versions" role="note" style="cursor: pointer">
    <span class="rst-current-version" data-toggle="rst-current-version">
      
      
        <span><a href="../install/" style="color: #fcfcfc;">&laquo; Previous</a></span>
      
      
        <span style="margin-left: 15px"><a href="../features/" style="color: #fcfcfc">Next &raquo;</a></span>
      
    </span>
</div>
    <script>var base_url = '..';</script>
    <script src="../js/theme.js"></script>
      <script src="../search/require.js"></script>
      <script src="../search/search.js"></script>

</body>
</html>
